app/build/intermediates/manifest_merge_blame_file/debug/manifest-merger-blame-debug-report.txt
1<?xml version="1.0" encoding="utf-8"?>
2<manifest xmlns:android="http://schemas.android.com/apk/res/android"
3    package="com.example.movieplace"
4    android:versionCode="1"
5    android:versionName="1.0" >
6
7    <uses-sdk
8        android:minSdkVersion="21"
8-->src\main\AndroidManifest.xml
9        android:targetSdkVersion="31" />
9-->src\main\AndroidManifest.xml
10    <!--
11         The ACCESS_COARSE/FINE_LOCATION permissions are not required to use
12         Google Maps Android API v2, but you must specify either coarse or fine
13         location permissions for the "MyLocation" functionality.
14    -->
15    <uses-permission android:name="android.permission.ACCESS_FINE_LOCATION" />
15-->src\main\AndroidManifest.xml:10:5-79
15-->src\main\AndroidManifest.xml:10:22-76
16    <uses-permission android:name="android.permission.ACCESS_COARSE_LOCATION" />
16-->src\main\AndroidManifest.xml:11:5-81
16-->src\main\AndroidManifest.xml:11:22-78
17    <uses-permission android:name="android.permission.ACCESS_NETWORK_STATE" />
17-->src\main\AndroidManifest.xml:12:5-79
17-->src\main\AndroidManifest.xml:12:22-76
18    <uses-permission android:name="android.permission.ACCESS_WIFI_STATE" />
18-->src\main\AndroidManifest.xml:13:5-76
18-->src\main\AndroidManifest.xml:13:22-73
19    <uses-permission android:name="android.permission.INTERNET" />
19-->src\main\AndroidManifest.xml:14:5-67
19-->src\main\AndroidManifest.xml:14:22-64
20    <uses-permission android:name="android.permission.READ_CALENDAR" />
20-->src\main\AndroidManifest.xml:15:5-72
20-->src\main\AndroidManifest.xml:15:22-69
21    <uses-permission android:name="android.permission.WRITE_CALENDAR" />
21-->src\main\AndroidManifest.xml:16:5-73
21-->src\main\AndroidManifest.xml:16:22-70
22    <uses-permission android:name="android.permission.READ_EXTERNAL_STORAGE" />
22-->src\main\AndroidManifest.xml:17:5-80
22-->src\main\AndroidManifest.xml:17:22-77
23    <uses-permission android:name="android.permission.WRITE_EXTERNAL_STORAGE" />
23-->src\main\AndroidManifest.xml:18:5-20:40
23-->src\main\AndroidManifest.xml:19:9-65
24
25    <uses-feature
25-->[com.google.android.gms:play-services-maps:18.0.0] AndroidManifest.xml:26:5-28:35
26        android:glEsVersion="0x00020000"
26-->[com.google.android.gms:play-services-maps:18.0.0] AndroidManifest.xml:27:9-41
27        android:required="true" />
27-->[com.google.android.gms:play-services-maps:18.0.0] AndroidManifest.xml:28:9-32
28
29    <queries>
29-->[com.google.android.gms:play-services-maps:18.0.0] AndroidManifest.xml:30:5-34:15
30
31        <!-- Needs to be explicitly declared on Android R+ -->
32        <package android:name="com.google.android.apps.maps" />
32-->[com.google.android.gms:play-services-maps:18.0.0] AndroidManifest.xml:33:9-64
32-->[com.google.android.gms:play-services-maps:18.0.0] AndroidManifest.xml:33:18-61
33    </queries>
34
35    <application
35-->src\main\AndroidManifest.xml:22:5-80:19
36        android:allowBackup="true"
36-->src\main\AndroidManifest.xml:23:9-35
37        android:appComponentFactory="androidx.core.app.CoreComponentFactory"
37-->[androidx.core:core:1.7.0] AndroidManifest.xml:24:18-86
38        android:debuggable="true"
39        android:icon="@mipmap/ic_launcher"
39-->src\main\AndroidManifest.xml:24:9-43
40        android:label="@string/app_name"
40-->src\main\AndroidManifest.xml:25:9-41
41        android:networkSecurityConfig="@xml/network_security_config"
41-->src\main\AndroidManifest.xml:26:9-69
42        android:requestLegacyExternalStorage="true"
42-->src\main\AndroidManifest.xml:27:9-52
43        android:roundIcon="@mipmap/ic_launcher_round"
43-->src\main\AndroidManifest.xml:28:9-54
44        android:supportsRtl="true"
44-->src\main\AndroidManifest.xml:29:9-35
45        android:testOnly="true"
46        android:theme="@style/Theme.MoviePlace" >
46-->src\main\AndroidManifest.xml:30:9-48
47
48        <!--
49             The API key for Google Maps-based APIs is defined as a string resource.
50             (See the file "res/values/google_maps_api.xml").
51             Note that the API key is linked to the encryption key used to sign the APK.
52             You need a different API key for each encryption key, including the release key that is used to
53             sign the APK for publishing.
54             You can define the keys for the debug and release targets in src/debug/ and src/release/.
55        -->
56        <meta-data
56-->src\main\AndroidManifest.xml:40:9-42:55
57            android:name="com.google.android.geo.API_KEY"
57-->src\main\AndroidManifest.xml:41:13-58
58            android:value="@string/google_maps_key" />
58-->src\main\AndroidManifest.xml:42:13-52
59
60        <activity
60-->src\main\AndroidManifest.xml:44:9-46:40
61            android:name="com.example.movieplace.ChangePassword"
61-->src\main\AndroidManifest.xml:45:13-43
62            android:exported="false" />
62-->src\main\AndroidManifest.xml:46:13-37
63        <activity
63-->src\main\AndroidManifest.xml:47:9-55:20
64            android:name="com.example.movieplace.Home"
64-->src\main\AndroidManifest.xml:48:13-33
65            android:exported="true" >
65-->src\main\AndroidManifest.xml:49:13-36
66            <intent-filter>
66-->src\main\AndroidManifest.xml:50:13-54:29
67                <action android:name="android.intent.action.MAIN" />
67-->src\main\AndroidManifest.xml:51:17-69
67-->src\main\AndroidManifest.xml:51:25-66
68
69                <category android:name="android.intent.category.LAUNCHER" />
69-->src\main\AndroidManifest.xml:53:17-77
69-->src\main\AndroidManifest.xml:53:27-74
70            </intent-filter>
71        </activity>
72        <activity
72-->src\main\AndroidManifest.xml:56:9-58:40
73            android:name="com.example.movieplace.Main"
73-->src\main\AndroidManifest.xml:57:13-33
74            android:exported="false" />
74-->src\main\AndroidManifest.xml:58:13-37
75        <activity
75-->src\main\AndroidManifest.xml:59:9-63:58
76            android:name="com.example.movieplace.ui.scenes.ScenesActivity"
76-->src\main\AndroidManifest.xml:60:13-53
77            android:launchMode="singleTop"
77-->src\main\AndroidManifest.xml:61:13-43
78            android:parentActivityName="com.example.movieplace.Home"
78-->src\main\AndroidManifest.xml:62:13-47
79            android:theme="@style/MoviePlaceActionBar" />
79-->src\main\AndroidManifest.xml:63:13-55
80        <activity
80-->src\main\AndroidManifest.xml:65:9-69:58
81            android:name="com.example.movieplace.ui.scenes.ScenesDesc"
81-->src\main\AndroidManifest.xml:66:13-49
82            android:launchMode="singleTop"
82-->src\main\AndroidManifest.xml:67:13-43
83            android:parentActivityName=""
83-->src\main\AndroidManifest.xml:68:13-42
84            android:theme="@style/MoviePlaceActionBar" />
84-->src\main\AndroidManifest.xml:69:13-55
85        <activity
85-->src\main\AndroidManifest.xml:70:9-76:20
86            android:name="com.example.movieplace.Signup"
86-->src\main\AndroidManifest.xml:71:13-35
87            android:exported="false" >
87-->src\main\AndroidManifest.xml:72:13-37
88            <meta-data
88-->src\main\AndroidManifest.xml:73:13-75:42
89                android:name="android.support.PARENT_ACTIVITY"
89-->src\main\AndroidManifest.xml:74:17-63
90                android:value=".Login" />
90-->src\main\AndroidManifest.xml:75:17-39
91        </activity>
92        <activity
92-->src\main\AndroidManifest.xml:77:9-79:40
93            android:name="com.example.movieplace.Login"
93-->src\main\AndroidManifest.xml:78:13-34
94            android:exported="false" />
94-->src\main\AndroidManifest.xml:79:13-37
95        <activity
95-->[com.karumi:dexter:6.2.2] AndroidManifest.xml:27:9-29:72
96            android:name="com.karumi.dexter.DexterActivity"
96-->[com.karumi:dexter:6.2.2] AndroidManifest.xml:28:13-60
97            android:theme="@style/Dexter.Internal.Theme.Transparent" /> <!-- Needs to be explicitly declared on P+ -->
97-->[com.karumi:dexter:6.2.2] AndroidManifest.xml:29:13-69
98        <uses-library
98-->[com.google.android.gms:play-services-maps:18.0.0] AndroidManifest.xml:39:9-41:40
99            android:name="org.apache.http.legacy"
99-->[com.google.android.gms:play-services-maps:18.0.0] AndroidManifest.xml:40:13-50
100            android:required="false" />
100-->[com.google.android.gms:play-services-maps:18.0.0] AndroidManifest.xml:41:13-37
101
102        <provider
102-->[com.squareup.picasso:picasso:2.71828] AndroidManifest.xml:8:9-11:40
103            android:name="com.squareup.picasso.PicassoProvider"
103-->[com.squareup.picasso:picasso:2.71828] AndroidManifest.xml:9:13-64
104            android:authorities="com.example.movieplace.com.squareup.picasso"
104-->[com.squareup.picasso:picasso:2.71828] AndroidManifest.xml:10:13-72
105            android:exported="false" />
105-->[com.squareup.picasso:picasso:2.71828] AndroidManifest.xml:11:13-37
106
107        <activity
107-->[com.google.android.gms:play-services-base:17.0.0] AndroidManifest.xml:23:9-26:75
108            android:name="com.google.android.gms.common.api.GoogleApiActivity"
108-->[com.google.android.gms:play-services-base:17.0.0] AndroidManifest.xml:24:13-79
109            android:exported="false"
109-->[com.google.android.gms:play-services-base:17.0.0] AndroidManifest.xml:25:13-37
110            android:theme="@android:style/Theme.Translucent.NoTitleBar" />
110-->[com.google.android.gms:play-services-base:17.0.0] AndroidManifest.xml:26:13-72
111
112        <meta-data
112-->[com.google.android.gms:play-services-basement:17.0.0] AndroidManifest.xml:23:9-25:69
113            android:name="com.google.android.gms.version"
113-->[com.google.android.gms:play-services-basement:17.0.0] AndroidManifest.xml:24:13-58
114            android:value="@integer/google_play_services_version" />
114-->[com.google.android.gms:play-services-basement:17.0.0] AndroidManifest.xml:25:13-66
115
116        <provider
116-->[androidx.emoji2:emoji2:1.0.0] AndroidManifest.xml:26:9-34:20
117            android:name="androidx.startup.InitializationProvider"
117-->[androidx.emoji2:emoji2:1.0.0] AndroidManifest.xml:27:13-67
118            android:authorities="com.example.movieplace.androidx-startup"
118-->[androidx.emoji2:emoji2:1.0.0] AndroidManifest.xml:28:13-68
119            android:exported="false" >
119-->[androidx.emoji2:emoji2:1.0.0] AndroidManifest.xml:29:13-37
120            <meta-data
120-->[androidx.emoji2:emoji2:1.0.0] AndroidManifest.xml:31:13-33:52
121                android:name="androidx.emoji2.text.EmojiCompatInitializer"
121-->[androidx.emoji2:emoji2:1.0.0] AndroidManifest.xml:32:17-75
122                android:value="androidx.startup" />
122-->[androidx.emoji2:emoji2:1.0.0] AndroidManifest.xml:33:17-49
123            <meta-data
123-->[androidx.lifecycle:lifecycle-process:2.4.0] AndroidManifest.xml:31:13-33:52
124                android:name="androidx.lifecycle.ProcessLifecycleInitializer"
124-->[androidx.lifecycle:lifecycle-process:2.4.0] AndroidManifest.xml:32:17-78
125                android:value="androidx.startup" />
125-->[androidx.lifecycle:lifecycle-process:2.4.0] AndroidManifest.xml:33:17-49
126        </provider>
127    </application>
128
129</manifest>